android/app/build/intermediates/manifest_merge_blame_file/debug/manifest-merger-blame-debug-report.txt
1<?xml version="1.0" encoding="utf-8"?>
2<manifest xmlns:android="http://schemas.android.com/apk/res/android"
3    package="com.yuzu.itten"
4    android:versionCode="2"
5    android:versionName="1.0.2" >
6
7    <uses-sdk
8        android:minSdkVersion="21"
9        android:targetSdkVersion="30" />
10
11    <uses-permission android:name="android.permission.SYSTEM_ALERT_WINDOW" />
11-->src/main/AndroidManifest.xml:4:3-75
11-->src/main/AndroidManifest.xml:4:20-73
12    <uses-permission android:name="android.permission.INTERNET" />
12-->src/main/AndroidManifest.xml:2:3-64
12-->src/main/AndroidManifest.xml:2:20-62
13    <uses-permission android:name="android.permission.READ_EXTERNAL_STORAGE" />
13-->src/main/AndroidManifest.xml:3:3-77
13-->src/main/AndroidManifest.xml:3:20-75
14    <uses-permission android:name="android.permission.VIBRATE" />
14-->src/main/AndroidManifest.xml:5:3-63
14-->src/main/AndroidManifest.xml:5:20-61
15    <uses-permission android:name="android.permission.WRITE_EXTERNAL_STORAGE" />
15-->src/main/AndroidManifest.xml:6:3-78
15-->src/main/AndroidManifest.xml:6:20-76
16
17    <queries>
17-->src/main/AndroidManifest.xml:7:3-13:13
18        <intent>
18-->src/main/AndroidManifest.xml:8:5-12:14
19            <action android:name="android.intent.action.VIEW" />
19-->src/main/AndroidManifest.xml:9:7-58
19-->src/main/AndroidManifest.xml:9:15-56
20
21            <category android:name="android.intent.category.BROWSABLE" />
21-->src/main/AndroidManifest.xml:10:7-67
21-->src/main/AndroidManifest.xml:10:17-65
22
23            <data android:scheme="https" />
23-->src/main/AndroidManifest.xml:11:7-37
23-->src/main/AndroidManifest.xml:11:13-35
24        </intent>
25        <!-- Query open documents -->
26        <intent>
26-->[:expo-file-system] AndroidManifest.xml:19:9-21:18
27            <action android:name="android.intent.action.OPEN_DOCUMENT_TREE" />
27-->[:expo-file-system] AndroidManifest.xml:20:13-79
27-->[:expo-file-system] AndroidManifest.xml:20:21-76
28        </intent> <!-- Added to check if Chrome is installed for browser-based payment authentication (e.g. 3DS1). -->
29        <package android:name="com.android.chrome" />
29-->[com.stripe:payments-core:17.1.0] AndroidManifest.xml:13:9-54
29-->[com.stripe:payments-core:17.1.0] AndroidManifest.xml:13:18-51
30    </queries>
31
32    <uses-permission android:name="android.permission.ACCESS_WIFI_STATE" />
32-->[com.facebook.flipper:flipper:0.54.0] AndroidManifest.xml:16:5-76
32-->[com.facebook.flipper:flipper:0.54.0] AndroidManifest.xml:16:22-73
33    <uses-permission android:name="android.permission.WAKE_LOCK" />
33-->[:react-native-firebase_auth] AndroidManifest.xml:12:5-68
33-->[:react-native-firebase_auth] AndroidManifest.xml:12:22-65
34    <uses-permission android:name="android.permission.ACCESS_NETWORK_STATE" />
34-->[:react-native-firebase_auth] AndroidManifest.xml:13:5-79
34-->[:react-native-firebase_auth] AndroidManifest.xml:13:22-76
35
36    <uses-feature
36-->[com.google.android.gms:play-services-maps:17.0.0] AndroidManifest.xml:26:5-28:35
37        android:glEsVersion="0x00020000"
37-->[com.google.android.gms:play-services-maps:17.0.0] AndroidManifest.xml:27:9-41
38        android:required="true" />
38-->[com.google.android.gms:play-services-maps:17.0.0] AndroidManifest.xml:28:9-32
39
40    <uses-permission android:name="com.google.android.finsky.permission.BIND_GET_INSTALL_REFERRER_SERVICE" />
40-->[com.android.installreferrer:installreferrer:1.0] AndroidManifest.xml:9:5-110
40-->[com.android.installreferrer:installreferrer:1.0] AndroidManifest.xml:9:22-107
41
42    <application
42-->src/main/AndroidManifest.xml:14:3-42:17
43        android:name="com.yuzu.itten.MainApplication"
43-->src/main/AndroidManifest.xml:14:16-47
44        android:allowBackup="true"
44-->src/main/AndroidManifest.xml:14:162-188
45        android:appComponentFactory="androidx.core.app.CoreComponentFactory"
45-->[androidx.core:core:1.6.0] AndroidManifest.xml:24:18-86
46        android:debuggable="true"
47        android:icon="@mipmap/ic_launcher"
47-->src/main/AndroidManifest.xml:14:81-115
48        android:label="@string/app_name"
48-->src/main/AndroidManifest.xml:14:48-80
49        android:roundIcon="@mipmap/ic_launcher_round"
49-->src/main/AndroidManifest.xml:14:116-161
50        android:theme="@style/AppTheme"
50-->src/main/AndroidManifest.xml:14:189-220
51        android:usesCleartextTraffic="true" >
51-->src/main/AndroidManifest.xml:14:221-256
52        <meta-data
52-->src/main/AndroidManifest.xml:15:5-103
53            android:name="com.facebook.sdk.ApplicationId"
53-->src/main/AndroidManifest.xml:15:16-61
54            android:value="@string/facebook_app_id" />
54-->src/main/AndroidManifest.xml:15:62-101
55        <meta-data
55-->src/main/AndroidManifest.xml:16:5-82
56            android:name="expo.modules.updates.ENABLED"
56-->src/main/AndroidManifest.xml:16:16-59
57            android:value="true" />
57-->src/main/AndroidManifest.xml:16:60-80
58        <meta-data
58-->src/main/AndroidManifest.xml:17:5-93
59            android:name="expo.modules.updates.EXPO_SDK_VERSION"
59-->src/main/AndroidManifest.xml:17:16-68
60            android:value="43.0.0" />
60-->src/main/AndroidManifest.xml:17:69-91
61        <meta-data
61-->src/main/AndroidManifest.xml:18:5-105
62            android:name="expo.modules.updates.EXPO_UPDATES_CHECK_ON_LAUNCH"
62-->src/main/AndroidManifest.xml:18:16-80
63            android:value="ALWAYS" />
63-->src/main/AndroidManifest.xml:18:81-103
64        <meta-data
64-->src/main/AndroidManifest.xml:19:5-103
65            android:name="expo.modules.updates.EXPO_UPDATES_LAUNCH_WAIT_MS"
65-->src/main/AndroidManifest.xml:19:16-79
66            android:value="30000" />
66-->src/main/AndroidManifest.xml:19:80-101
67        <meta-data
67-->src/main/AndroidManifest.xml:20:5-117
68            android:name="expo.modules.updates.EXPO_UPDATE_URL"
68-->src/main/AndroidManifest.xml:20:16-67
69            android:value="https://exp.host/@tokismos/Yuzu" />
69-->src/main/AndroidManifest.xml:20:68-115
70
71        <activity
71-->src/main/AndroidManifest.xml:21:5-32:16
72            android:name="com.yuzu.itten.MainActivity"
72-->src/main/AndroidManifest.xml:21:15-43
73            android:configChanges="keyboard|keyboardHidden|orientation|screenSize|uiMode"
73-->src/main/AndroidManifest.xml:21:77-154
74            android:label="@string/app_name"
74-->src/main/AndroidManifest.xml:21:44-76
75            android:launchMode="singleTask"
75-->src/main/AndroidManifest.xml:21:155-186
76            android:screenOrientation="portrait"
76-->src/main/AndroidManifest.xml:21:276-312
77            android:theme="@style/Theme.App.SplashScreen"
77-->src/main/AndroidManifest.xml:21:230-275
78            android:windowSoftInputMode="adjustResize" >
78-->src/main/AndroidManifest.xml:21:187-229
79            <intent-filter>
79-->src/main/AndroidManifest.xml:22:7-25:23
80                <action android:name="android.intent.action.MAIN" />
80-->src/main/AndroidManifest.xml:23:9-60
80-->src/main/AndroidManifest.xml:23:17-58
81
82                <category android:name="android.intent.category.LAUNCHER" />
82-->src/main/AndroidManifest.xml:24:9-68
82-->src/main/AndroidManifest.xml:24:19-66
83            </intent-filter>
84            <intent-filter>
84-->src/main/AndroidManifest.xml:26:7-31:23
85                <action android:name="android.intent.action.VIEW" />
85-->src/main/AndroidManifest.xml:9:7-58
85-->src/main/AndroidManifest.xml:9:15-56
86
87                <category android:name="android.intent.category.DEFAULT" />
87-->src/main/AndroidManifest.xml:28:9-67
87-->src/main/AndroidManifest.xml:28:19-65
88                <category android:name="android.intent.category.BROWSABLE" />
88-->src/main/AndroidManifest.xml:10:7-67
88-->src/main/AndroidManifest.xml:10:17-65
89
90                <data android:scheme="com.yuzu.itten" />
90-->src/main/AndroidManifest.xml:11:7-37
90-->src/main/AndroidManifest.xml:11:13-35
91            </intent-filter>
92        </activity>
93        <activity android:name="com.facebook.react.devsupport.DevSettingsActivity" />
93-->src/main/AndroidManifest.xml:33:5-81
93-->src/main/AndroidManifest.xml:33:15-79
94        <activity
94-->src/main/AndroidManifest.xml:34:5-41:16
95            android:name="com.facebook.CustomTabActivity"
95-->src/main/AndroidManifest.xml:34:15-60
96            android:exported="true" >
96-->src/main/AndroidManifest.xml:34:61-84
97            <intent-filter>
97-->src/main/AndroidManifest.xml:35:7-40:23
98                <action android:name="android.intent.action.VIEW" />
98-->src/main/AndroidManifest.xml:9:7-58
98-->src/main/AndroidManifest.xml:9:15-56
99
100                <category android:name="android.intent.category.DEFAULT" />
100-->src/main/AndroidManifest.xml:28:9-67
100-->src/main/AndroidManifest.xml:28:19-65
101                <category android:name="android.intent.category.BROWSABLE" />
101-->src/main/AndroidManifest.xml:10:7-67
101-->src/main/AndroidManifest.xml:10:17-65
102
103                <data android:scheme="fb593620908653647" />
103-->src/main/AndroidManifest.xml:11:7-37
103-->src/main/AndroidManifest.xml:11:13-35
104            </intent-filter>
105        </activity>
106
107        <meta-data
107-->[:react-native-firebase_app] AndroidManifest.xml:12:9-14:36
108            android:name="app_data_collection_default_enabled"
108-->[:react-native-firebase_app] AndroidManifest.xml:13:13-63
109            android:value="true" />
109-->[:react-native-firebase_app] AndroidManifest.xml:14:13-33
110
111        <service
111-->[:react-native-firebase_app] AndroidManifest.xml:16:9-20:19
112            android:name="com.google.firebase.components.ComponentDiscoveryService"
112-->[:react-native-firebase_app] AndroidManifest.xml:16:18-89
113            android:directBootAware="true"
113-->[com.google.firebase:firebase-common:20.0.0] AndroidManifest.xml:35:13-43
114            android:exported="false" >
114-->[com.google.firebase:firebase-auth:21.0.1] AndroidManifest.xml:76:13-37
115            <meta-data
115-->[:react-native-firebase_app] AndroidManifest.xml:17:13-19:85
116                android:name="com.google.firebase.components:io.invertase.firebase.app.ReactNativeFirebaseAppRegistrar"
116-->[:react-native-firebase_app] AndroidManifest.xml:18:17-120
117                android:value="com.google.firebase.components.ComponentRegistrar" />
117-->[:react-native-firebase_app] AndroidManifest.xml:19:17-82
118            <meta-data
118-->[com.google.firebase:firebase-auth:21.0.1] AndroidManifest.xml:77:13-79:85
119                android:name="com.google.firebase.components:com.google.firebase.auth.FirebaseAuthRegistrar"
119-->[com.google.firebase:firebase-auth:21.0.1] AndroidManifest.xml:78:17-109
120                android:value="com.google.firebase.components.ComponentRegistrar" />
120-->[com.google.firebase:firebase-auth:21.0.1] AndroidManifest.xml:79:17-82
121            <meta-data
121-->[com.google.firebase:firebase-database:20.0.3] AndroidManifest.xml:32:13-34:85
122                android:name="com.google.firebase.components:com.google.firebase.database.DatabaseRegistrar"
122-->[com.google.firebase:firebase-database:20.0.3] AndroidManifest.xml:33:17-109
123                android:value="com.google.firebase.components.ComponentRegistrar" />
123-->[com.google.firebase:firebase-database:20.0.3] AndroidManifest.xml:34:17-82
124        </service>
125
126        <provider
126-->[:react-native-firebase_app] AndroidManifest.xml:22:9-26:38
127            android:name="io.invertase.firebase.app.ReactNativeFirebaseAppInitProvider"
127-->[:react-native-firebase_app] AndroidManifest.xml:23:13-88
128            android:authorities="com.yuzu.itten.reactnativefirebaseappinitprovider"
128-->[:react-native-firebase_app] AndroidManifest.xml:24:13-86
129            android:exported="false"
129-->[:react-native-firebase_app] AndroidManifest.xml:25:13-37
130            android:initOrder="99" />
130-->[:react-native-firebase_app] AndroidManifest.xml:26:13-35
131        <provider
131-->[:react-native-webview] AndroidManifest.xml:12:9-20:20
132            android:name="com.reactnativecommunity.webview.RNCWebViewFileProvider"
132-->[:react-native-webview] AndroidManifest.xml:13:13-83
133            android:authorities="com.yuzu.itten.fileprovider"
133-->[:react-native-webview] AndroidManifest.xml:14:13-64
134            android:exported="false"
134-->[:react-native-webview] AndroidManifest.xml:15:13-37
135            android:grantUriPermissions="true" >
135-->[:react-native-webview] AndroidManifest.xml:16:13-47
136            <meta-data
136-->[:react-native-webview] AndroidManifest.xml:17:13-19:63
137                android:name="android.support.FILE_PROVIDER_PATHS"
137-->[:react-native-webview] AndroidManifest.xml:18:17-67
138                android:resource="@xml/file_provider_paths" />
138-->[:react-native-webview] AndroidManifest.xml:19:17-60
139        </provider>
140        <provider
140-->[:expo-file-system] AndroidManifest.xml:25:9-34:20
141            android:name="expo.modules.filesystem.FileSystemFileProvider"
141-->[:expo-file-system] AndroidManifest.xml:26:13-74
142            android:authorities="com.yuzu.itten.FileSystemFileProvider"
142-->[:expo-file-system] AndroidManifest.xml:27:13-74
143            android:exported="false"
143-->[:expo-file-system] AndroidManifest.xml:28:13-37
144            android:grantUriPermissions="true" >
144-->[:expo-file-system] AndroidManifest.xml:29:13-47
145            <meta-data
145-->[:react-native-webview] AndroidManifest.xml:17:13-19:63
146                android:name="android.support.FILE_PROVIDER_PATHS"
146-->[:react-native-webview] AndroidManifest.xml:18:17-67
147                android:resource="@xml/file_system_provider_paths" />
147-->[:react-native-webview] AndroidManifest.xml:19:17-60
148        </provider>
149
150        <meta-data
150-->[:expo-modules-core] AndroidManifest.xml:12:9-14:89
151            android:name="org.unimodules.core.AppLoader#react-native-headless"
151-->[:expo-modules-core] AndroidManifest.xml:13:13-79
152            android:value="expo.modules.adapters.react.apploader.RNHeadlessAppLoader" />
152-->[:expo-modules-core] AndroidManifest.xml:14:13-86
153
154        <activity
154-->[com.stripe:payments-core:17.1.0] AndroidManifest.xml:17:9-20:57
155            android:name="com.stripe.android.view.AddPaymentMethodActivity"
155-->[com.stripe:payments-core:17.1.0] AndroidManifest.xml:18:13-76
156            android:exported="false"
156-->[com.stripe:payments-core:17.1.0] AndroidManifest.xml:19:13-37
157            android:theme="@style/StripeDefaultTheme" />
157-->[com.stripe:payments-core:17.1.0] AndroidManifest.xml:20:13-54
158        <activity
158-->[com.stripe:payments-core:17.1.0] AndroidManifest.xml:21:9-24:57
159            android:name="com.stripe.android.view.PaymentMethodsActivity"
159-->[com.stripe:payments-core:17.1.0] AndroidManifest.xml:22:13-74
160            android:exported="false"
160-->[com.stripe:payments-core:17.1.0] AndroidManifest.xml:23:13-37
161            android:theme="@style/StripeDefaultTheme" />
161-->[com.stripe:payments-core:17.1.0] AndroidManifest.xml:24:13-54
162        <activity
162-->[com.stripe:payments-core:17.1.0] AndroidManifest.xml:25:9-28:57
163            android:name="com.stripe.android.view.PaymentFlowActivity"
163-->[com.stripe:payments-core:17.1.0] AndroidManifest.xml:26:13-71
164            android:exported="false"
164-->[com.stripe:payments-core:17.1.0] AndroidManifest.xml:27:13-37
165            android:theme="@style/StripeDefaultTheme" />
165-->[com.stripe:payments-core:17.1.0] AndroidManifest.xml:28:13-54
166        <activity
166-->[com.stripe:payments-core:17.1.0] AndroidManifest.xml:29:9-33:58
167            android:name="com.stripe.android.view.PaymentAuthWebViewActivity"
167-->[com.stripe:payments-core:17.1.0] AndroidManifest.xml:30:13-78
168            android:exported="false"
168-->[com.stripe:payments-core:17.1.0] AndroidManifest.xml:31:13-37
169            android:theme="@style/StripeDefaultTheme"
169-->[com.stripe:payments-core:17.1.0] AndroidManifest.xml:32:13-54
170            android:windowSoftInputMode="adjustResize" />
170-->[com.stripe:payments-core:17.1.0] AndroidManifest.xml:33:13-55
171        <activity
171-->[com.stripe:payments-core:17.1.0] AndroidManifest.xml:34:9-37:61
172            android:name="com.stripe.android.view.PaymentRelayActivity"
172-->[com.stripe:payments-core:17.1.0] AndroidManifest.xml:35:13-72
173            android:exported="false"
173-->[com.stripe:payments-core:17.1.0] AndroidManifest.xml:36:13-37
174            android:theme="@style/StripeTransparentTheme" />
174-->[com.stripe:payments-core:17.1.0] AndroidManifest.xml:37:13-58
175        <!--
176        Set android:launchMode="singleTop" so that the StripeBrowserLauncherActivity instance that
177        launched the browser Activity will also handle the return URL deep link.
178        -->
179        <activity
179-->[com.stripe:payments-core:17.1.0] AndroidManifest.xml:43:9-60:20
180            android:name="com.stripe.android.payments.StripeBrowserLauncherActivity"
180-->[com.stripe:payments-core:17.1.0] AndroidManifest.xml:44:13-85
181            android:exported="true"
181-->[com.stripe:payments-core:17.1.0] AndroidManifest.xml:45:13-36
182            android:launchMode="singleTask"
182-->[com.stripe:payments-core:17.1.0] AndroidManifest.xml:46:13-44
183            android:theme="@style/StripeTransparentTheme" >
183-->[com.stripe:payments-core:17.1.0] AndroidManifest.xml:47:13-58
184            <intent-filter>
184-->[com.stripe:payments-core:17.1.0] AndroidManifest.xml:48:13-59:29
185                <action android:name="android.intent.action.VIEW" />
185-->src/main/AndroidManifest.xml:9:7-58
185-->src/main/AndroidManifest.xml:9:15-56
186
187                <category android:name="android.intent.category.DEFAULT" />
187-->src/main/AndroidManifest.xml:28:9-67
187-->src/main/AndroidManifest.xml:28:19-65
188                <category android:name="android.intent.category.BROWSABLE" />
188-->src/main/AndroidManifest.xml:10:7-67
188-->src/main/AndroidManifest.xml:10:17-65
189
190                <!-- Must match `DefaultReturnUrl#value`. -->
191                <data
191-->src/main/AndroidManifest.xml:11:7-37
192                    android:host="payment_return_url"
193                    android:path="/com.yuzu.itten"
194                    android:scheme="stripesdk" />
194-->src/main/AndroidManifest.xml:11:13-35
195            </intent-filter>
196        </activity>
197        <activity
197-->[com.stripe:payments-core:17.1.0] AndroidManifest.xml:61:9-64:57
198            android:name="com.stripe.android.payments.core.authentication.threeds2.Stripe3ds2TransactionActivity"
198-->[com.stripe:payments-core:17.1.0] AndroidManifest.xml:62:13-114
199            android:exported="false"
199-->[com.stripe:payments-core:17.1.0] AndroidManifest.xml:63:13-37
200            android:theme="@style/StripeDefaultTheme" />
200-->[com.stripe:payments-core:17.1.0] AndroidManifest.xml:64:13-54
201        <activity
201-->[com.stripe:payments-core:17.1.0] AndroidManifest.xml:65:9-68:69
202            android:name="com.stripe.android.paymentsheet.PaymentSheetActivity"
202-->[com.stripe:payments-core:17.1.0] AndroidManifest.xml:66:13-80
203            android:exported="false"
203-->[com.stripe:payments-core:17.1.0] AndroidManifest.xml:67:13-37
204            android:theme="@style/StripePaymentSheetDefaultTheme" />
204-->[com.stripe:payments-core:17.1.0] AndroidManifest.xml:68:13-66
205        <activity
205-->[com.stripe:payments-core:17.1.0] AndroidManifest.xml:69:9-72:69
206            android:name="com.stripe.android.paymentsheet.PaymentOptionsActivity"
206-->[com.stripe:payments-core:17.1.0] AndroidManifest.xml:70:13-82
207            android:exported="false"
207-->[com.stripe:payments-core:17.1.0] AndroidManifest.xml:71:13-37
208            android:theme="@style/StripePaymentSheetDefaultTheme" />
208-->[com.stripe:payments-core:17.1.0] AndroidManifest.xml:72:13-66
209        <activity
209-->[com.stripe:payments-core:17.1.0] AndroidManifest.xml:73:9-76:66
210            android:name="com.stripe.android.googlepaylauncher.StripeGooglePayActivity"
210-->[com.stripe:payments-core:17.1.0] AndroidManifest.xml:74:13-88
211            android:exported="false"
211-->[com.stripe:payments-core:17.1.0] AndroidManifest.xml:75:13-37
212            android:theme="@style/StripeGooglePayDefaultTheme" />
212-->[com.stripe:payments-core:17.1.0] AndroidManifest.xml:76:13-63
213        <activity
213-->[com.stripe:payments-core:17.1.0] AndroidManifest.xml:77:9-80:66
214            android:name="com.stripe.android.googlepaylauncher.GooglePayLauncherActivity"
214-->[com.stripe:payments-core:17.1.0] AndroidManifest.xml:78:13-90
215            android:exported="false"
215-->[com.stripe:payments-core:17.1.0] AndroidManifest.xml:79:13-37
216            android:theme="@style/StripeGooglePayDefaultTheme" />
216-->[com.stripe:payments-core:17.1.0] AndroidManifest.xml:80:13-63
217        <activity
217-->[com.stripe:payments-core:17.1.0] AndroidManifest.xml:81:9-84:66
218            android:name="com.stripe.android.googlepaylauncher.GooglePayPaymentMethodLauncherActivity"
218-->[com.stripe:payments-core:17.1.0] AndroidManifest.xml:82:13-103
219            android:exported="false"
219-->[com.stripe:payments-core:17.1.0] AndroidManifest.xml:83:13-37
220            android:theme="@style/StripeGooglePayDefaultTheme" />
220-->[com.stripe:payments-core:17.1.0] AndroidManifest.xml:84:13-63
221        <activity
221-->[com.stripe:payments-core:17.1.0] AndroidManifest.xml:85:9-88:57
222            android:name="com.stripe.android.payments.paymentlauncher.PaymentLauncherConfirmationActivity"
222-->[com.stripe:payments-core:17.1.0] AndroidManifest.xml:86:13-107
223            android:exported="false"
223-->[com.stripe:payments-core:17.1.0] AndroidManifest.xml:87:13-37
224            android:theme="@style/StripeDefaultTheme" />
224-->[com.stripe:payments-core:17.1.0] AndroidManifest.xml:88:13-54
225        <activity
225-->[com.stripe:stripe-3ds2-android:6.1.1] AndroidManifest.xml:10:9-13:54
226            android:name="com.stripe.android.stripe3ds2.views.ChallengeActivity"
226-->[com.stripe:stripe-3ds2-android:6.1.1] AndroidManifest.xml:11:13-81
227            android:exported="false"
227-->[com.stripe:stripe-3ds2-android:6.1.1] AndroidManifest.xml:12:13-37
228            android:theme="@style/Stripe3DS2Theme" />
228-->[com.stripe:stripe-3ds2-android:6.1.1] AndroidManifest.xml:13:13-51
229
230        <meta-data
230-->[com.github.bumptech.glide:okhttp3-integration:4.12.0] AndroidManifest.xml:11:9-13:43
231            android:name="com.bumptech.glide.integration.okhttp3.OkHttpGlideModule"
231-->[com.github.bumptech.glide:okhttp3-integration:4.12.0] AndroidManifest.xml:12:13-84
232            android:value="GlideModule" />
232-->[com.github.bumptech.glide:okhttp3-integration:4.12.0] AndroidManifest.xml:13:13-40
233
234        <activity
234-->[com.google.firebase:firebase-auth:21.0.1] AndroidManifest.xml:27:9-44:20
235            android:name="com.google.firebase.auth.internal.GenericIdpActivity"
235-->[com.google.firebase:firebase-auth:21.0.1] AndroidManifest.xml:28:13-80
236            android:excludeFromRecents="true"
236-->[com.google.firebase:firebase-auth:21.0.1] AndroidManifest.xml:29:13-46
237            android:exported="true"
237-->[com.google.firebase:firebase-auth:21.0.1] AndroidManifest.xml:30:13-36
238            android:launchMode="singleTask"
238-->[com.google.firebase:firebase-auth:21.0.1] AndroidManifest.xml:31:13-44
239            android:theme="@android:style/Theme.Translucent.NoTitleBar" >
239-->[com.google.firebase:firebase-auth:21.0.1] AndroidManifest.xml:32:13-72
240            <intent-filter>
240-->[com.google.firebase:firebase-auth:21.0.1] AndroidManifest.xml:33:13-43:29
241                <action android:name="android.intent.action.VIEW" />
241-->src/main/AndroidManifest.xml:9:7-58
241-->src/main/AndroidManifest.xml:9:15-56
242
243                <category android:name="android.intent.category.DEFAULT" />
243-->src/main/AndroidManifest.xml:28:9-67
243-->src/main/AndroidManifest.xml:28:19-65
244                <category android:name="android.intent.category.BROWSABLE" />
244-->src/main/AndroidManifest.xml:10:7-67
244-->src/main/AndroidManifest.xml:10:17-65
245
246                <data
246-->src/main/AndroidManifest.xml:11:7-37
247                    android:host="firebase.auth"
248                    android:path="/"
249                    android:scheme="genericidp" />
249-->src/main/AndroidManifest.xml:11:13-35
250            </intent-filter>
251        </activity>
252        <activity
252-->[com.google.firebase:firebase-auth:21.0.1] AndroidManifest.xml:45:9-62:20
253            android:name="com.google.firebase.auth.internal.RecaptchaActivity"
253-->[com.google.firebase:firebase-auth:21.0.1] AndroidManifest.xml:46:13-79
254            android:excludeFromRecents="true"
254-->[com.google.firebase:firebase-auth:21.0.1] AndroidManifest.xml:47:13-46
255            android:exported="true"
255-->[com.google.firebase:firebase-auth:21.0.1] AndroidManifest.xml:48:13-36
256            android:launchMode="singleTask"
256-->[com.google.firebase:firebase-auth:21.0.1] AndroidManifest.xml:49:13-44
257            android:theme="@android:style/Theme.Translucent.NoTitleBar" >
257-->[com.google.firebase:firebase-auth:21.0.1] AndroidManifest.xml:50:13-72
258            <intent-filter>
258-->[com.google.firebase:firebase-auth:21.0.1] AndroidManifest.xml:51:13-61:29
259                <action android:name="android.intent.action.VIEW" />
259-->src/main/AndroidManifest.xml:9:7-58
259-->src/main/AndroidManifest.xml:9:15-56
260
261                <category android:name="android.intent.category.DEFAULT" />
261-->src/main/AndroidManifest.xml:28:9-67
261-->src/main/AndroidManifest.xml:28:19-65
262                <category android:name="android.intent.category.BROWSABLE" />
262-->src/main/AndroidManifest.xml:10:7-67
262-->src/main/AndroidManifest.xml:10:17-65
263
264                <data
264-->src/main/AndroidManifest.xml:11:7-37
265                    android:host="firebase.auth"
266                    android:path="/"
267                    android:scheme="recaptcha" />
267-->src/main/AndroidManifest.xml:11:13-35
268            </intent-filter>
269        </activity>
270
271        <service
271-->[com.google.firebase:firebase-auth:21.0.1] AndroidManifest.xml:64:9-73:19
272            android:name="com.google.firebase.auth.api.fallback.service.FirebaseAuthFallbackService"
272-->[com.google.firebase:firebase-auth:21.0.1] AndroidManifest.xml:65:13-101
273            android:enabled="true"
273-->[com.google.firebase:firebase-auth:21.0.1] AndroidManifest.xml:66:13-35
274            android:exported="false" >
274-->[com.google.firebase:firebase-auth:21.0.1] AndroidManifest.xml:67:13-37
275            <intent-filter>
275-->[com.google.firebase:firebase-auth:21.0.1] AndroidManifest.xml:68:13-72:29
276                <action android:name="com.google.firebase.auth.api.gms.service.START" />
276-->[com.google.firebase:firebase-auth:21.0.1] AndroidManifest.xml:69:17-89
276-->[com.google.firebase:firebase-auth:21.0.1] AndroidManifest.xml:69:25-86
277
278                <category android:name="android.intent.category.DEFAULT" />
278-->src/main/AndroidManifest.xml:28:9-67
278-->src/main/AndroidManifest.xml:28:19-65
279            </intent-filter>
280        </service>
281
282        <activity
282-->[androidx.compose.ui:ui-tooling:1.0.0-rc02] AndroidManifest.xml:25:9-27:39
283            android:name="androidx.compose.ui.tooling.PreviewActivity"
283-->[androidx.compose.ui:ui-tooling:1.0.0-rc02] AndroidManifest.xml:26:13-71
284            android:exported="true" />
284-->[androidx.compose.ui:ui-tooling:1.0.0-rc02] AndroidManifest.xml:27:13-36
285        <activity
285-->[com.google.android.gms:play-services-auth:20.1.0] AndroidManifest.xml:23:9-27:75
286            android:name="com.google.android.gms.auth.api.signin.internal.SignInHubActivity"
286-->[com.google.android.gms:play-services-auth:20.1.0] AndroidManifest.xml:24:13-93
287            android:excludeFromRecents="true"
287-->[com.google.android.gms:play-services-auth:20.1.0] AndroidManifest.xml:25:13-46
288            android:exported="false"
288-->[com.google.android.gms:play-services-auth:20.1.0] AndroidManifest.xml:26:13-37
289            android:theme="@android:style/Theme.Translucent.NoTitleBar" />
289-->[com.google.android.gms:play-services-auth:20.1.0] AndroidManifest.xml:27:13-72
290        <!--
291            Service handling Google Sign-In user revocation. For apps that do not integrate with
292            Google Sign-In, this service will never be started.
293        -->
294        <service
294-->[com.google.android.gms:play-services-auth:20.1.0] AndroidManifest.xml:33:9-37:51
295            android:name="com.google.android.gms.auth.api.signin.RevocationBoundService"
295-->[com.google.android.gms:play-services-auth:20.1.0] AndroidManifest.xml:34:13-89
296            android:exported="true"
296-->[com.google.android.gms:play-services-auth:20.1.0] AndroidManifest.xml:35:13-36
297            android:permission="com.google.android.gms.auth.api.signin.permission.REVOCATION_NOTIFICATION"
297-->[com.google.android.gms:play-services-auth:20.1.0] AndroidManifest.xml:36:13-107
298            android:visibleToInstantApps="true" /> <!-- Needs to be explicitly declared on P+ -->
298-->[com.google.android.gms:play-services-auth:20.1.0] AndroidManifest.xml:37:13-48
299        <uses-library
299-->[com.google.android.gms:play-services-maps:17.0.0] AndroidManifest.xml:33:9-35:40
300            android:name="org.apache.http.legacy"
300-->[com.google.android.gms:play-services-maps:17.0.0] AndroidManifest.xml:34:13-50
301            android:required="false" />